ASH Report For INVODS/invods

DB Name         DB Id    Instance     Inst Num Release     RAC Host
------------ ----------- ------------ -------- ----------- --- ------------
INVODS        4227760515 invods              1 11.1.0.7.0  NO  db-invods-a-

CPUs           SGA Size       Buffer Cache        Shared Pool    ASH Buffer Size
---- ------------------ ------------------ ------------------ ------------------
  24     71,360M (100%)    64,512M (90.4%)    16,727M (23.4%)              M (%)


          Analysis Begin Time:   27-Apr-11 07:45:00
            Analysis End Time:   27-Apr-11 08:15:00
                 Elapsed Time:        30.0 (mins)
            Begin Data Source:   DBA_HIST_ACTIVE_SESS_HISTORY
                                 in AWR snapshot 62448
              End Data Source:   DBA_HIST_ACTIVE_SESS_HISTORY
                                 in AWR snapshot 62449
                 Sample Count:      25,697
      Average Active Sessions:      142.76
  Avg. Active Session per CPU:        5.95
                Report Target:   None specified

Top User Events                DB/Inst: INVODS/invods  (Apr 27 07:45 to 08:15)

                                                               Avg Active
Event                               Event Class        % Event   Sessions
----------------------------------- --------------- ---------- ----------
log file sync                       Commit               40.06      57.19
db file sequential read             User I/O             23.01      32.86
CPU + Wait for CPU                  CPU                  17.55      25.05
buffer busy waits                   Concurrency           3.01       4.29
library cache: mutex X              Concurrency           2.63       3.76
          -------------------------------------------------------------

Top Background Events          DB/Inst: INVODS/invods  (Apr 27 07:45 to 08:15)

                  No data exists for this section of the report.
          -------------------------------------------------------------

Top Event P1/P2/P3 Values      DB/Inst: INVODS/invods  (Apr 27 07:45 to 08:15)

Event                          % Event  P1 Value, P2 Value, P3 Value % Activity
------------------------------ ------- ----------------------------- ----------
Parameter 1                Parameter 2                Parameter 3
-------------------------- -------------------------- --------------------------
log file sync                    40.06                 "449","0","0"       0.57
buffer#                    NOT DEFINED                NOT DEFINED

db file sequential read          23.03            "174","489164","1"       0.01
file#                      block#                     blocks

buffer busy waits                 3.01           "509","29545","617"       0.14
file#                      block#                     class#

library cache: mutex X            2.63 "2185244935","9826885173248",       1.24
idn                        value                      where

enq: TX - index contention        2.12 "1415053316","7995420","23702       0.09
name|mode                  usn<<16 | slot             sequence

          -------------------------------------------------------------

Top Service/Module             DB/Inst: INVODS/invods  (Apr 27 07:45 to 08:15)

Service        Module                   % Activity Action               % Action
-------------- ------------------------ ---------- ------------------ ----------
SYS$USERS      InventoryPlanningComputa      30.33 UNNAMED                 30.33
               Puker                         26.20 UNNAMED                 26.20
               invods-build-worker           15.79 UNNAMED                 15.79
               InventoryPlanningEventSe       5.62 UNNAMED                  5.62
               UNNAMED                        4.30 UNNAMED                  4.30
          -------------------------------------------------------------

Top Client IDs                 DB/Inst: INVODS/invods  (Apr 27 07:45 to 08:15)

                                                              Avg Active
Client ID                                          % Activity   Sessions
-------------------------------------------------- ---------- ----------
User            Program                           Service
--------------- --------------------------------- --------------------
eo@scosipsna-1009.vdc.amazon.com                         3.34       4.77
LE101_USER                                        SYS$USERS

eo@scosipsna-1002.vdc.amazon.com                         2.33       3.32
LE101_USER                                        SYS$USERS

eo@scosipsna-1008.vdc.amazon.com                         2.19       3.13
LE101_USER                                        SYS$USERS

eo@scosipsna-6007.iad6.amazon.com                        2.06       2.94
LE101_USER                                        SYS$USERS

eo@scosipsna-5010.iad5.amazon.com                        1.57       2.24
LE101_USER                                        SYS$USERS

          -------------------------------------------------------------

Top SQL Command Types          DB/Inst: INVODS/invods  (Apr 27 07:45 to 08:15)
-> 'Distinct SQLIDs' is the count of the distinct number of SQLIDs
      with the given SQL Command Type found over all the ASH samples
      in the analysis period

                                           Distinct            Avg Active
SQL Command Type                             SQLIDs % Activity   Sessions
---------------------------------------- ---------- ---------- ----------
SELECT                                          224      30.55      43.61
INSERT                                           56      13.24      18.90
UPDATE                                           73       3.51       5.01
DELETE                                           33       3.16       4.51
PL/SQL EXECUTE                                   93       2.12       3.02
          -------------------------------------------------------------

Top Phases of Execution        DB/Inst: INVODS/invods  (Apr 27 07:45 to 08:15)

                                          Avg Active
Phase of Execution             % Activity   Sessions
------------------------------ ---------- ----------
SQL Execution                       52.92      75.56
PLSQL Execution                      4.47       6.38
          -------------------------------------------------------------

Top SQL with Top Events       DB/Inst: INVODS/invods  (Apr 27 07:45 to 08:15)

                                                        Sampled #
                 SQL ID             Planhash        of Executions     % Activity
----------------------- -------------------- -------------------- --------------
Event                          % Event Top Row Source                    % RwSrc
------------------------------ ------- --------------------------------- -------
          1spp8dun0puqx           1173712034                 1870           7.28
db file sequential read           6.90 TABLE ACCESS - BY LOCAL INDEX ROW    5.52
select * from ( select planning_operation_type_code plan_type, warehouse_id fc,
 til_at_plan_horizon_qty tip, creation_date, plan_period_days_num planning_perio
d, rank() over (partition by asin_id, planning_operation_type_code order by cre
ation_date desc) rank from target_inv_recommendation where asin_id = :1 and i

          1nw8qamkhkdqf           3105226948                  482           6.20
CPU + Wait for CPU                3.00 INDEX - FULL SCAN                    0.82
SELECT warehouse_id,asin FROM inventory_level_by_owner_rt WHERE inventory_condi
tion_code='SELLABLE' and on_hand_quantity>=0 and allocated_quantity>=0 and una
llocated_customer_demand >=0 and ((nvl(inventory_owner_group_id, 1) in (1, 2) an
d warehouse_id = 'ABE1') or (nvl(inventory_owner_group_id, 1) in (1, 2) and ware


db file sequential read           2.00 INDEX - FULL SCAN                    0.21

          0gbkss2vptqhq            541662199                 1011           4.41
CPU + Wait for CPU                3.16 SELECT STATEMENT                     0.59
SELECT warehouse_id, sum (decode (inventory_condition_code, 'SELLABLE', on
_hand_quantity - greatest(0, allocated_quantity) - greatest(0, unallocated_custo
mer_demand), 0)) sellable, sum (decode (inventory_condition_code,
 'SELLABLE', 0, on_hand_quantity)) not_sellable FROM inventory_level_

          8hr3qagcmw3gg           1234447273                  425           1.67
enq: TX - index contention        0.52 ** Row Source Not Available **       0.52
/* insert collection row com.amazon.ipc.planning.dao.plans.Plan.annotations */ i
nsert into BOOKER.IP_PLAN_ANNOTATIONS (PLAN_ID, PLAN_ANNOTATION_TYPE, VALUE) val
ues (:1 , :2 , :3 )

          0xn4wr7f6h82w           2268480294                  397           1.59
db file sequential read           0.94 DELETE                               0.70
/* delete collection com.amazon.ipc.planning.dao.plans.Plan.annotations */ delet
e from BOOKER.IP_PLAN_ANNOTATIONS where PLAN_ID=:1

          -------------------------------------------------------------

Top SQL with Top Row Sources   DB/Inst: INVODS/invods  (Apr 27 07:45 to 08:15)

                                                        Sampled #
                 SQL ID             PlanHash        of Executions     % Activity
----------------------- -------------------- -------------------- --------------
Row Source                               % RwSrc Top Event               % Event
---------------------------------------- ------- ----------------------- -------
          1spp8dun0puqx           1173712034                 1870           7.28
TABLE ACCESS - BY LOCAL INDEX ROWID         5.74 db file sequential read    5.52
select * from ( select planning_operation_type_code plan_type, warehouse_id fc,
 til_at_plan_horizon_qty tip, creation_date, plan_period_days_num planning_perio
d, rank() over (partition by asin_id, planning_operation_type_code order by cre
ation_date desc) rank from target_inv_recommendation where asin_id = :1 and i


INDEX - RANGE SCAN                          1.45 db file sequential read    1.38

          1nw8qamkhkdqf           3105226948                  482           6.20
INDEX - FULL SCAN                           1.07 CPU + Wait for CPU         0.82
SELECT warehouse_id,asin FROM inventory_level_by_owner_rt WHERE inventory_condi
tion_code='SELLABLE' and on_hand_quantity>=0 and allocated_quantity>=0 and una
llocated_customer_demand >=0 and ((nvl(inventory_owner_group_id, 1) in (1, 2) an
d warehouse_id = 'ABE1') or (nvl(inventory_owner_group_id, 1) in (1, 2) and ware

          0gbkss2vptqhq            541662199                 1011           4.41
SELECT STATEMENT                            0.59 CPU + Wait for CPU         0.59
SELECT warehouse_id, sum (decode (inventory_condition_code, 'SELLABLE', on
_hand_quantity - greatest(0, allocated_quantity) - greatest(0, unallocated_custo
mer_demand), 0)) sellable, sum (decode (inventory_condition_code,
 'SELLABLE', 0, on_hand_quantity)) not_sellable FROM inventory_level_

          8hr3qagcmw3gg           1234447273                  425           1.67
** Row Source Not Available **              1.67 enq: TX - index content    0.52
/* insert collection row com.amazon.ipc.planning.dao.plans.Plan.annotations */ i
nsert into BOOKER.IP_PLAN_ANNOTATIONS (PLAN_ID, PLAN_ANNOTATION_TYPE, VALUE) val
ues (:1 , :2 , :3 )

          0xn4wr7f6h82w           2268480294                  397           1.59
DELETE                                      1.18 db file sequential read    0.70
/* delete collection com.amazon.ipc.planning.dao.plans.Plan.annotations */ delet
e from BOOKER.IP_PLAN_ANNOTATIONS where PLAN_ID=:1

          -------------------------------------------------------------

Top SQL using literals         DB/Inst: INVODS/invods  (Apr 27 07:45 to 08:15)
-> FORCE_MATCHING_SIGNATURE is used to identify SQL statements that are
      identical except for their use of literals.
-> Please refer to the Oracle Database Reference to understand how
      the FORCE_MATCHING_SIGNATURE is derived.

                                     # of Sampled
 FORCE_MATCHING_SIGNATURE % Activity SQL Versions
------------------------- ---------- ------------
Example SQL 1
--------------------
Example SQL 2
--------------------
      2360188059829823881       7.53            5
1spp8dun0puqx
select * from ( select planning_operation_type_code plan_type, warehouse_id fc,
 til_at_plan_horizon_qty tip, creation_date, plan_period_days_num planning_perio
d, rank() over (partition by asin_id, planning_operation_type_code order by cre
ation_date desc) rank from target_inv_recommendation where asin_id = :1 and i

a2f5xbjj3f2dr
select * from ( select planning_operation_type_code plan_type, warehouse_id fc,
 til_at_plan_horizon_qty tip, creation_date, plan_period_days_num planning_perio
d, rank() over (partition by asin_id, planning_operation_type_code order by cre
ation_date desc) rank from target_inv_recommendation where asin_id = :1 and in

      6984991081732646746       5.35            8
0gbkss2vptqhq
SELECT warehouse_id, sum (decode (inventory_condition_code, 'SELLABLE', on
_hand_quantity - greatest(0, allocated_quantity) - greatest(0, unallocated_custo
mer_demand), 0)) sellable, sum (decode (inventory_condition_code,
 'SELLABLE', 0, on_hand_quantity)) not_sellable FROM inventory_level_

fghs78n42txbr
SELECT warehouse_id, sum (decode (inventory_condition_code, 'SELLABLE', on
_hand_quantity - greatest(0, allocated_quantity) - greatest(0, unallocated_custo
mer_demand), 0)) sellable, sum (decode (inventory_condition_code,
 'SELLABLE', 0, on_hand_quantity)) not_sellable FROM inventory_level_

          -------------------------------------------------------------

Top Parsing Module/Action      DB/Inst: INVODS/invods  (Apr 27 07:45 to 08:15)

                  No data exists for this section of the report.
          -------------------------------------------------------------

Top PL/SQL Procedures          DB/Inst: INVODS/invods  (Apr 27 07:45 to 08:15)
-> 'PL/SQL entry subprogram' represents the application's top-level
      entry-point(procedure, function, trigger, package initialization
      or RPC call) into PL/SQL.
-> 'PL/SQL current subprogram' is the pl/sql subprogram being executed
      at the point of sampling . If the value is 'SQL', it represents
      the percentage of time spent executing SQL for the particular
      plsql entry subprogram

PLSQL Entry Subprogram                                            % Activity
----------------------------------------------------------------- ----------
PLSQL Current Subprogram                                           % Current
----------------------------------------------------------------- ----------
SYS.DBMS_REFRESH.REFRESH                                                3.48
   SQL                                                                  3.44
BOOKER.SNAP_JOB.REFRESH                                                 2.00
   SQL                                                                  1.98
          -------------------------------------------------------------

Top Java Workload              DB/Inst: INVODS/invods  (Apr 27 07:45 to 08:15)

                  No data exists for this section of the report.
          -------------------------------------------------------------

Top Sessions                  DB/Inst: INVODS/invods  (Apr 27 07:45 to 08:15)

                  No data exists for this section of the report.
          -------------------------------------------------------------

Top Blocking Sessions          DB/Inst: INVODS/invods  (Apr 27 07:45 to 08:15)
-> Blocking session activity percentages are calculated with respect to
      waits on enqueues, latches and "buffer busy" only
-> '% Activity' represents the load on the database caused by
      a particular blocking session
-> '# Samples Active' shows the number of ASH samples in which the
      blocking session was found active.
-> 'XIDs' shows the number of distinct transaction IDs sampled in ASH
      when the blocking session was found active.

 Blocking Sid (Inst) % Activity Event Caused                      % Event
-------------------- ---------- ------------------------------ ----------
User                 Program                          # Samples Active     XIDs
-------------------- ------------------------------ ------------------ --------
  3293,    1(     1)      41.50 log file sync                       40.06
SYS                  oracle@db-invo...on.com (LGWR)     177/180 [ 98%]        0

  3296,    1(     1)       1.56 latch: session allocation            1.56
SYS                  oracle@db-invo...on.com (DBW1)      13/180 [  7%]        0

          -------------------------------------------------------------

Top Sessions running PQs      DB/Inst: INVODS/invods  (Apr 27 07:45 to 08:15)

                  No data exists for this section of the report.
          -------------------------------------------------------------

Top DB Objects                 DB/Inst: INVODS/invods  (Apr 27 07:45 to 08:15)
-> With respect to Application, Cluster, User I/O and buffer busy waits only.

      Object ID % Activity Event                             % Event
--------------- ---------- ------------------------------ ----------
Object Name (Type)                                    Tablespace
----------------------------------------------------- -------------------------
        6246350       5.06 db file sequential read              4.85
LE101.TARGET_INV_RECOMMENDATION.TARGET_INV_REC_EXP_DT AGGREGATE

        6269040       1.44 db file sequential read              1.41
LE101.TARGET_INV_RECOMMENDATION.TARGET_INV_REC_EXP_DT AGGREGATE

        6224644       1.11 buffer busy waits                    0.87
BOOKER.PK_IP_PLAN_ANNOTATIONS.IPA_20110430 (INDEX PAR AGGREGATE_IDX

          -------------------------------------------------------------

Top DB Files                   DB/Inst: INVODS/invods  (Apr 27 07:45 to 08:15)

                  No data exists for this section of the report.
          -------------------------------------------------------------

Top Latches                    DB/Inst: INVODS/invods  (Apr 27 07:45 to 08:15)

                                                                          Max Sa
Latch                             % Latch   Blocking Sid(Inst) % Activity  Wait
------------------------------ ---------- -------------------- ---------- ------
       # Waits  # Sampled Wts  # Sampled Wts  # Sampled Wts  # Sampled Wts
       Sampled         < 10ms   10ms - 100ms     100ms - 1s          > 1s
-------------- -------------- -------------- -------------- --------------
latch: session allocation            2.07   3296,    1(     1)       1.56   0.64
           400             15            152            233              0

          -------------------------------------------------------------

Activity Over Time            DB/Inst: INVODS/invods  (Apr 27 07:45 to 08:15)
-> Analysis period is divided into smaller time slots
-> Top 3 events are reported in each of those slots
-> 'Slot Count' shows the number of ASH samples in that slot
-> 'Event Count' shows the number of ASH samples waiting for
   that event in that slot
-> '% Event' is 'Event Count' over all ASH samples in the analysis period

                         Slot                                   Event
Slot Time (Duration)    Count Event                             Count % Event
-------------------- -------- ------------------------------ -------- -------
07:45:00   (5.0 min)    3,992 log file sync                     1,676    6.52
                              db file sequential read             958    3.73
                              CPU + Wait for CPU                  773    3.01
07:50:00   (5.0 min)    4,454 log file sync                     1,631    6.35
                              db file sequential read           1,027    4.00
                              CPU + Wait for CPU                  797    3.10
07:55:00   (5.0 min)    4,745 log file sync                     2,180    8.48
                              db file sequential read             974    3.79
                              CPU + Wait for CPU                  809    3.15
08:00:00   (5.0 min)    4,562 log file sync                     1,622    6.31
                              db file sequential read           1,056    4.11
                              CPU + Wait for CPU                  763    2.97
08:05:00   (5.0 min)    4,042 log file sync                     1,666    6.48
                              db file sequential read             924    3.60
                              CPU + Wait for CPU                  747    2.91
08:10:00   (5.0 min)    3,902 log file sync                     1,520    5.92
                              db file sequential read             978    3.81
                              CPU + Wait for CPU                  775    3.02
          -------------------------------------------------------------

End of Report
